app/build/outputs/apk/manifest-merger-debug-report.txt
-- Merging decision tree log ---
manifest
ADDED from AndroidManifest.xml:2:1
	android:sharedUserId
		ADDED from AndroidManifest.xml:6:5
	xmlns:android
		ADDED from AndroidManifest.xml:2:11
	package
		ADDED from AndroidManifest.xml:3:5
		INJECTED from AndroidManifest.xml:0:0
		INJECTED from AndroidManifest.xml:0:0
	android:versionName
		ADDED from AndroidManifest.xml:5:5
	android:versionCode
		ADDED from AndroidManifest.xml:4:5
		INJECTED from AndroidManifest.xml:0:0
		INJECTED from AndroidManifest.xml:0:0
uses-permission#android.permission.INTERNET
ADDED from AndroidManifest.xml:8:5
	android:name
		ADDED from AndroidManifest.xml:8:22
uses-permission#android.permission.WRITE_EXTERNAL_STORAGE
ADDED from AndroidManifest.xml:9:5
	android:name
		ADDED from AndroidManifest.xml:9:22
uses-permission#android.permission.CAMERA
ADDED from AndroidManifest.xml:10:2
	android:name
		ADDED from AndroidManifest.xml:10:19
uses-permission#android.permission.RECORD_AUDIO
ADDED from AndroidManifest.xml:11:2
	android:name
		ADDED from AndroidManifest.xml:11:19
uses-permission#android.permission.WAKE_LOCK
ADDED from AndroidManifest.xml:12:5
	android:name
		ADDED from AndroidManifest.xml:12:22
uses-permission#android.permission.RECEIVE_BOOT_COMPLETED
ADDED from AndroidManifest.xml:13:5
	android:name
		ADDED from AndroidManifest.xml:13:22
uses-permission#android.permission.GET_ACCOUNTS
ADDED from AndroidManifest.xml:14:5
	android:name
		ADDED from AndroidManifest.xml:14:22
uses-permission#android.permission.GET_TASKS
ADDED from AndroidManifest.xml:15:5
	android:name
		ADDED from AndroidManifest.xml:15:22
uses-permission#android.permission.ACCESS_NETWORK_STATE
ADDED from AndroidManifest.xml:16:5
	android:name
		ADDED from AndroidManifest.xml:16:22
uses-permission#android.permission.CHANGE_NETWORK_STATE
ADDED from AndroidManifest.xml:17:2
	android:name
		ADDED from AndroidManifest.xml:17:19
uses-permission#android.permission.READ_PHONE_STATE
ADDED from AndroidManifest.xml:18:5
	android:name
		ADDED from AndroidManifest.xml:18:22
uses-permission#android.permission.INSTALL_PACKAGE
ADDED from AndroidManifest.xml:19:5
	android:name
		ADDED from AndroidManifest.xml:19:22
uses-permission#android.permission.DELETE_PACKAGE
ADDED from AndroidManifest.xml:20:5
	android:name
		ADDED from AndroidManifest.xml:20:22
uses-permission#android.permission.VIBRATE
ADDED from AndroidManifest.xml:21:5
	android:name
		ADDED from AndroidManifest.xml:21:22
uses-permission#com.google.android.c2dm.permission.RECEIVE
ADDED from AndroidManifest.xml:22:3
	android:name
		ADDED from AndroidManifest.xml:22:20
permission#com.phitlab.lowliteracymexicanw.gcm.permission.C2D_MESSAGE
ADDED from AndroidManifest.xml:25:5
	android:protectionLevel
		ADDED from AndroidManifest.xml:27:9
	android:name
		ADDED from AndroidManifest.xml:26:9
uses-permission#com.phitlab.lowliteracymexicanw.gcm.permission.C2D_MESSAGE
ADDED from AndroidManifest.xml:29:5
	android:name
		ADDED from AndroidManifest.xml:29:22
uses-sdk
ADDED from AndroidManifest.xml:31:5
	android:targetSdkVersion
		ADDED from AndroidManifest.xml:33:9
		INJECTED from AndroidManifest.xml:0:0
		INJECTED from AndroidManifest.xml:0:0
	android:minSdkVersion
		ADDED from AndroidManifest.xml:32:9
		INJECTED from AndroidManifest.xml:0:0
		INJECTED from AndroidManifest.xml:0:0
supports-screens
ADDED from AndroidManifest.xml:35:5
	android:resizeable
		ADDED from AndroidManifest.xml:39:9
	android:largeScreens
		ADDED from AndroidManifest.xml:37:9
	android:anyDensity
		ADDED from AndroidManifest.xml:36:9
	android:normalScreens
		ADDED from AndroidManifest.xml:38:9
	android:xlargeScreens
		ADDED from AndroidManifest.xml:41:9
	android:smallScreens
		ADDED from AndroidManifest.xml:40:9
application
ADDED from AndroidManifest.xml:43:5
	android:label
		ADDED from AndroidManifest.xml:45:9
	android:icon
		ADDED from AndroidManifest.xml:44:9
	android:theme
		ADDED from AndroidManifest.xml:46:9
	android:process
		ADDED from AndroidManifest.xml:48:9
	android:name
		ADDED from AndroidManifest.xml:47:9
receiver#com.phitlab.lowliteracymexicanw.gcm.GcmBroadcastReceiver
ADDED from AndroidManifest.xml:50:7
	android:permission
		ADDED from AndroidManifest.xml:52:13
	android:name
		ADDED from AndroidManifest.xml:51:13
intent-filter#com.google.android.c2dm.intent.RECEIVE+com.google.android.c2dm.intent.REGISTRATION+com.phitlab.lowliteracymexicanw.gcm
ADDED from AndroidManifest.xml:53:13
action#com.google.android.c2dm.intent.RECEIVE
ADDED from AndroidManifest.xml:56:17
	android:name
		ADDED from AndroidManifest.xml:56:25
action#com.google.android.c2dm.intent.REGISTRATION
ADDED from AndroidManifest.xml:57:5
	android:name
		ADDED from AndroidManifest.xml:57:13
category#com.phitlab.lowliteracymexicanw.gcm
ADDED from AndroidManifest.xml:58:17
	android:name
		ADDED from AndroidManifest.xml:58:27
service#com.phitlab.lowliteracymexicanw.gcm.GcmIntentService
ADDED from AndroidManifest.xml:62:9
	android:name
		ADDED from AndroidManifest.xml:62:18
meta-data#com.google.android.gms.version
ADDED from AndroidManifest.xml:65:8
	android:name
		ADDED from AndroidManifest.xml:65:19
	android:value
		ADDED from AndroidManifest.xml:65:65
service#com.phitlab.lowliteracymexicanw.sync.DataUploadService
ADDED from AndroidManifest.xml:67:9
	android:name
		ADDED from AndroidManifest.xml:67:18
service#com.phitlab.lowliteracymexicanw.sync.DatabaseService
ADDED from AndroidManifest.xml:68:9
	android:name
		ADDED from AndroidManifest.xml:68:18
receiver#com.phitlab.lowliteracymexicanw.login.LogoutAlarmReceiver
ADDED from AndroidManifest.xml:69:3
	android:name
		ADDED from AndroidManifest.xml:69:13
intent-filter#android.intent.action.BOOT_COMPLETED+android.intent.category.DEFAULT
ADDED from AndroidManifest.xml:70:14
action#android.intent.action.BOOT_COMPLETED
ADDED from AndroidManifest.xml:71:13
	android:name
		ADDED from AndroidManifest.xml:71:21
category#android.intent.category.DEFAULT
ADDED from AndroidManifest.xml:72:13
	android:name
		ADDED from AndroidManifest.xml:72:23
receiver#com.phitlab.lowliteracymexicanw.reminders.ReminderAlarmReceiver
ADDED from AndroidManifest.xml:76:4
	android:name
		ADDED from AndroidManifest.xml:76:14
receiver#com.phitlab.lowliteracymexicanw.reminders.EODAlarmReceiver
ADDED from AndroidManifest.xml:83:6
	android:name
		ADDED from AndroidManifest.xml:83:16
activity#com.phitlab.lowliteracymexicanw.helperLaunch
ADDED from AndroidManifest.xml:90:4
	android:noHistory
		ADDED from AndroidManifest.xml:91:73
	android:name
		ADDED from AndroidManifest.xml:91:13
intent-filter#android.intent.action.MAIN+android.intent.category.LAUNCHER
ADDED from AndroidManifest.xml:92:13
action#android.intent.action.MAIN
ADDED from AndroidManifest.xml:93:17
	android:name
		ADDED from AndroidManifest.xml:93:25
category#android.intent.category.LAUNCHER
ADDED from AndroidManifest.xml:94:17
	android:name
		ADDED from AndroidManifest.xml:94:27
activity#com.phitlab.lowliteracymexicanw.login.LoginActivity
ADDED from AndroidManifest.xml:99:10
	android:noHistory
		ADDED from AndroidManifest.xml:100:80
	android:name
		ADDED from AndroidManifest.xml:100:13
intent-filter#android.intent.action.BEHAVIOR+android.intent.category.DEFAULT
ADDED from AndroidManifest.xml:101:13
action#android.intent.action.BEHAVIOR
ADDED from AndroidManifest.xml:102:17
	android:name
		ADDED from AndroidManifest.xml:102:25
activity#com.phitlab.lowliteracymexicanw.gcm.ReceiveActivity
ADDED from AndroidManifest.xml:109:10
	android:label
		ADDED from AndroidManifest.xml:111:13
	android:name
		ADDED from AndroidManifest.xml:110:13
activity#com.phitlab.lowliteracymexicanw.login.UpdatePasswordActivity
ADDED from AndroidManifest.xml:117:9
	android:label
		ADDED from AndroidManifest.xml:119:13
	android:name
		ADDED from AndroidManifest.xml:118:13
intent-filter#android.intent.action.UPDATE
ADDED from AndroidManifest.xml:120:13
action#android.intent.action.UPDATE
ADDED from AndroidManifest.xml:121:17
	android:name
		ADDED from AndroidManifest.xml:121:25
activity#com.phitlab.lowliteracymexicanw.login.LogoutActivity
ADDED from AndroidManifest.xml:124:17
	android:noHistory
		ADDED from AndroidManifest.xml:126:55
	android:parentActivityName
		ADDED from AndroidManifest.xml:126:12
	android:name
		ADDED from AndroidManifest.xml:125:13
meta-data#android.support.PARENT_ACTIVITY
ADDED from AndroidManifest.xml:127:12
	android:name
		ADDED from AndroidManifest.xml:128:9
	android:value
		ADDED from AndroidManifest.xml:129:9
activity#com.phitlab.lowliteracymexicanw.MainActivity
ADDED from AndroidManifest.xml:131:9
	android:name
		ADDED from AndroidManifest.xml:132:13
activity#com.phitlab.lowliteracymexicanw.BehaviorActivity
ADDED from AndroidManifest.xml:134:9
	android:label
		ADDED from AndroidManifest.xml:136:13
	android:name
		ADDED from AndroidManifest.xml:135:13
intent-filter#android.intent.action.BEHAVIOR
ADDED from AndroidManifest.xml:137:13
activity#com.phitlab.lowliteracymexicanw.TimeActivity
ADDED from AndroidManifest.xml:141:9
	android:label
		ADDED from AndroidManifest.xml:143:13
	android:name
		ADDED from AndroidManifest.xml:142:13
intent-filter#android.intent.action.BINGE
ADDED from AndroidManifest.xml:144:13
action#android.intent.action.BINGE
ADDED from AndroidManifest.xml:145:17
	android:name
		ADDED from AndroidManifest.xml:145:25
activity#com.phitlab.lowliteracymexicanw.TypeActivity
ADDED from AndroidManifest.xml:148:9
	android:name
		ADDED from AndroidManifest.xml:149:13
activity#com.phitlab.lowliteracymexicanw.ContextActivity
ADDED from AndroidManifest.xml:154:9
	android:name
		ADDED from AndroidManifest.xml:155:13
intent-filter#android.intent.action.CONTEXT
ADDED from AndroidManifest.xml:156:13
action#android.intent.action.CONTEXT
ADDED from AndroidManifest.xml:157:17
	android:name
		ADDED from AndroidManifest.xml:157:25
activity#com.phitlab.lowliteracymexicanw.BaseActivity
ADDED from AndroidManifest.xml:160:9
	android:name
		ADDED from AndroidManifest.xml:161:13
activity#com.phitlab.lowliteracymexicanw.BingeLOCActivity
ADDED from AndroidManifest.xml:167:9
	android:name
		ADDED from AndroidManifest.xml:168:13
intent-filter#android.intent.action.EOD
ADDED from AndroidManifest.xml:169:13
action#android.intent.action.EOD
ADDED from AndroidManifest.xml:170:17
	android:name
		ADDED from AndroidManifest.xml:170:25
activity#com.phitlab.lowliteracymexicanw.BingeEmbarrasActivity
ADDED from AndroidManifest.xml:173:9
	android:name
		ADDED from AndroidManifest.xml:174:13
activity#com.phitlab.lowliteracymexicanw.reminders.EODReminderActivity
ADDED from AndroidManifest.xml:179:9
	android:screenOrientation
		ADDED from AndroidManifest.xml:182:13
	android:excludeFromRecents
		ADDED from AndroidManifest.xml:182:50
	android:name
		ADDED from AndroidManifest.xml:180:13
	android:launchMode
		ADDED from AndroidManifest.xml:181:13
intent-filter#android.intent.action.MAIN+android.intent.category.DEFAULT+android.intent.category.MONKEY
ADDED from AndroidManifest.xml:183:10
category#android.intent.category.MONKEY
ADDED from AndroidManifest.xml:187:17
	android:name
		ADDED from AndroidManifest.xml:187:27
activity#com.phitlab.lowliteracymexicanw.reminders.ReminderActivity
ADDED from AndroidManifest.xml:190:11
	android:screenOrientation
		ADDED from AndroidManifest.xml:192:13
	android:name
		ADDED from AndroidManifest.xml:191:13
activity#com.phitlab.lowliteracymexicanw.cameraapp.CameraActivity
ADDED from AndroidManifest.xml:197:9
	android:screenOrientation
		ADDED from AndroidManifest.xml:199:13
	android:configChanges
		ADDED from AndroidManifest.xml:199:50
	android:name
		ADDED from AndroidManifest.xml:198:13
activity#com.phitlab.lowliteracymexicanw.voicerecord.VoiceRecordActivity
ADDED from AndroidManifest.xml:204:10
	android:name
		ADDED from AndroidManifest.xml:205:13
activity#com.phitlab.lowliteracymexicanw.CountActivity
ADDED from AndroidManifest.xml:210:13
	android:name
		ADDED from AndroidManifest.xml:211:13
activity#com.phitlab.lowliteracymexicanw.CigaretteCountActivity
ADDED from AndroidManifest.xml:216:10
	android:name
		ADDED from AndroidManifest.xml:217:13
activity#com.phitlab.lowliteracymexicanw.AlcoholCountActivity
ADDED from AndroidManifest.xml:222:12
	android:name
		ADDED from AndroidManifest.xml:223:13